\BOOKMARK [1][-]{section.1}{Uso de spanish para babel}{}% 1
\BOOKMARK [1][-]{section.2}{spanish como lengua principal}{}% 2
\BOOKMARK [2][-]{subsection.2.1}{Listas}{section.2}% 3
\BOOKMARK [2][-]{subsection.2.2}{Contadores}{section.2}% 4
\BOOKMARK [2][-]{subsection.2.3}{Otros}{section.2}% 5
\BOOKMARK [1][-]{section.3}{Traducciones}{}% 6
\BOOKMARK [2][-]{subsection.3.1}{Nombres}{section.3}% 7
\BOOKMARK [2][-]{subsection.3.2}{Fechas}{section.3}% 8
\BOOKMARK [1][-]{section.4}{Abreviaciones \(shorthands\)}{}% 9
\BOOKMARK [2][-]{subsection.4.1}{Coma decimal}{section.4}% 10
\BOOKMARK [2][-]{subsection.4.2}{Divisi\363n de palabras}{section.4}% 11
\BOOKMARK [2][-]{subsection.4.3}{Otros}{section.4}% 12
\BOOKMARK [1][-]{section.5}{Funciones de texto y matem\341ticas}{}% 13
\BOOKMARK [2][-]{subsection.5.1}{Abreviaturas}{section.5}% 14
\BOOKMARK [2][-]{subsection.5.2}{Espaciado}{section.5}% 15
\BOOKMARK [2][-]{subsection.5.3}{Fuentes}{section.5}% 16
\BOOKMARK [2][-]{subsection.5.4}{Entrecomillados}{section.5}% 17
\BOOKMARK [2][-]{subsection.5.5}{Funciones matem\341ticas}{section.5}% 18
\BOOKMARK [1][-]{section.6}{Opciones generales}{}% 19
\BOOKMARK [1][-]{section.7}{Selecci\363n}{}% 20
\BOOKMARK [1][-]{section.8}{Adaptaci\363n}{}% 21
\BOOKMARK [2][-]{subsection.8.1}{Opciones por pa\355ses}{section.8}% 22
\BOOKMARK [2][-]{subsection.8.2}{Configuraci\363n}{section.8}% 23
\BOOKMARK [2][-]{subsection.8.3}{Pasar opciones desde un paquete o clase}{section.8}% 24
\BOOKMARK [2][-]{subsection.8.4}{Otros cambios}{section.8}% 25
\BOOKMARK [1][-]{section.9}{Plain TeX}{}% 26
\BOOKMARK [1][-]{section.10}{Compatibilidad con versiones anteriores}{}% 27
\BOOKMARK [1][-]{section*.3}{Referencias}{}% 28
\BOOKMARK [1][-]{section.11}{The Spanish language}{}% 29
